# JRE version: 7.0_06-b24
# Java VM: Java HotSpot(TM) 64-Bit Server VM (23.2-b09 mixed mode windows-amd64 compressed oops)
Heap
 PSYoungGen      total 16192K, used 8742K [0x00000000eb600000, 0x00000000ec7b0000, 0x0000000100000000)
  eden space 15168K, 51% used [0x00000000eb600000,0x00000000ebd997e8,0x00000000ec4d0000)
  from space 1024K, 93% used [0x00000000ec6b0000,0x00000000ec7a0040,0x00000000ec7b0000)
  to   space 1408K, 0% used [0x00000000ec4f0000,0x00000000ec4f0000,0x00000000ec650000)
 ParOldGen       total 42240K, used 104K [0x00000000c2200000, 0x00000000c4b40000, 0x00000000eb600000)
  object space 42240K, 0% used [0x00000000c2200000,0x00000000c221a010,0x00000000c4b40000)
 PSPermGen       total 21248K, used 7350K [0x00000000bd000000, 0x00000000be4c0000, 0x00000000c2200000)
  object space 21248K, 34% used [0x00000000bd000000,0x00000000bd72dbe0,0x00000000be4c0000)
GC Heap History (10 events):
Event: 72.348 GC heap before
{Heap before GC invocations=2 (full 0):
 PSYoungGen      total 18496K, used 17362K [0x00000000eb600000, 0x00000000ecaa0000, 0x0000000100000000)
  eden space 15872K, 100% used [0x00000000eb600000,0x00000000ec580000,0x00000000ec580000)
  from space 2624K, 56% used [0x00000000ec580000,0x00000000ec6f4868,0x00000000ec810000)
  to   space 2624K, 0% used [0x00000000ec810000,0x00000000ec810000,0x00000000ecaa0000)
 ParOldGen       total 42240K, used 72K [0x00000000c2200000, 0x00000000c4b40000, 0x00000000eb600000)
  object space 42240K, 0% used [0x00000000c2200000,0x00000000c2212010,0x00000000c4b40000)
 PSPermGen       total 21248K, used 7112K [0x00000000bd000000, 0x00000000be4c0000, 0x00000000c2200000)
  object space 21248K, 33% used [0x00000000bd000000,0x00000000bd6f23b0,0x00000000be4c0000)
Event: 72.354 GC heap after
Heap after GC invocations=2 (full 0):
 PSYoungGen      total 18496K, used 896K [0x00000000eb600000, 0x00000000ecaa0000, 0x0000000100000000)
  eden space 15872K, 0% used [0x00000000eb600000,0x00000000eb600000,0x00000000ec580000)
  from space 2624K, 34% used [0x00000000ec810000,0x00000000ec8f0020,0x00000000ecaa0000)
  to   space 2624K, 0% used [0x00000000ec580000,0x00000000ec580000,0x00000000ec810000)
 ParOldGen       total 42240K, used 80K [0x00000000c2200000, 0x00000000c4b40000, 0x00000000eb600000)
  object space 42240K, 0% used [0x00000000c2200000,0x00000000c2214010,0x00000000c4b40000)
 PSPermGen       total 21248K, used 7112K [0x00000000bd000000, 0x00000000be4c0000, 0x00000000c2200000)
  object space 21248K, 33% used [0x00000000bd000000,0x00000000bd6f23b0,0x00000000be4c0000)
}
Event: 122.719 GC heap before
{Heap before GC invocations=3 (full 0):
 PSYoungGen      total 18496K, used 16768K [0x00000000eb600000, 0x00000000ecaa0000, 0x0000000100000000)
  eden space 15872K, 100% used [0x00000000eb600000,0x00000000ec580000,0x00000000ec580000)
  from space 2624K, 34% used [0x00000000ec810000,0x00000000ec8f0020,0x00000000ecaa0000)
  to   space 2624K, 0% used [0x00000000ec580000,0x00000000ec580000,0x00000000ec810000)
 ParOldGen       total 42240K, used 80K [0x00000000c2200000, 0x00000000c4b40000, 0x00000000eb600000)
  object space 42240K, 0% used [0x00000000c2200000,0x00000000c2214010,0x00000000c4b40000)
 PSPermGen       total 21248K, used 7204K [0x00000000bd000000, 0x00000000be4c0000, 0x00000000c2200000)
  object space 21248K, 33% used [0x00000000bd000000,0x00000000bd7091c0,0x00000000be4c0000)
Event: 122.722 GC heap after
Heap after GC invocations=3 (full 0):
 PSYoungGen      total 18496K, used 864K [0x00000000eb600000, 0x00000000ecaa0000, 0x0000000100000000)
  eden space 15872K, 0% used [0x00000000eb600000,0x00000000eb600000,0x00000000ec580000)
  from space 2624K, 32% used [0x00000000ec580000,0x00000000ec658020,0x00000000ec810000)
  to   space 2624K, 0% used [0x00000000ec810000,0x00000000ec810000,0x00000000ecaa0000)
 ParOldGen       total 42240K, used 80K [0x00000000c2200000, 0x00000000c4b40000, 0x00000000eb600000)
  object space 42240K, 0% used [0x00000000c2200000,0x00000000c2214010,0x00000000c4b40000)
 PSPermGen       total 21248K, used 7204K [0x00000000bd000000, 0x00000000be4c0000, 0x00000000c2200000)
  object space 21248K, 33% used [0x00000000bd000000,0x00000000bd7091c0,0x00000000be4c0000)
}
Event: 172.307 GC heap before
{Heap before GC invocations=4 (full 0):
 PSYoungGen      total 18496K, used 16736K [0x00000000eb600000, 0x00000000ecaa0000, 0x0000000100000000)
  eden space 15872K, 100% used [0x00000000eb600000,0x00000000ec580000,0x00000000ec580000)
  from space 2624K, 32% used [0x00000000ec580000,0x00000000ec658020,0x00000000ec810000)
  to   space 2624K, 0% used [0x00000000ec810000,0x00000000ec810000,0x00000000ecaa0000)
 ParOldGen       total 42240K, used 80K [0x00000000c2200000, 0x00000000c4b40000, 0x00000000eb600000)
  object space 42240K, 0% used [0x00000000c2200000,0x00000000c2214010,0x00000000c4b40000)
 PSPermGen       total 21248K, used 7255K [0x00000000bd000000, 0x00000000be4c0000, 0x00000000c2200000)
  object space 21248K, 34% used [0x00000000bd000000,0x00000000bd715d58,0x00000000be4c0000)
Event: 172.313 GC heap after
Heap after GC invocations=4 (full 0):
 PSYoungGen      total 18496K, used 880K [0x00000000eb600000, 0x00000000ecaa0000, 0x0000000100000000)
  eden space 15872K, 0% used [0x00000000eb600000,0x00000000eb600000,0x00000000ec580000)
  from space 2624K, 33% used [0x00000000ec810000,0x00000000ec8ec010,0x00000000ecaa0000)
  to   space 2624K, 0% used [0x00000000ec580000,0x00000000ec580000,0x00000000ec810000)
 ParOldGen       total 42240K, used 88K [0x00000000c2200000, 0x00000000c4b40000, 0x00000000eb600000)
  object space 42240K, 0% used [0x00000000c2200000,0x00000000c2216010,0x00000000c4b40000)
 PSPermGen       total 21248K, used 7255K [0x00000000bd000000, 0x00000000be4c0000, 0x00000000c2200000)
  object space 21248K, 34% used [0x00000000bd000000,0x00000000bd715d58,0x00000000be4c0000)
}
Event: 223.922 GC heap before
{Heap before GC invocations=5 (full 0):
 PSYoungGen      total 18496K, used 16752K [0x00000000eb600000, 0x00000000ecaa0000, 0x0000000100000000)
  eden space 15872K, 100% used [0x00000000eb600000,0x00000000ec580000,0x00000000ec580000)
  from space 2624K, 33% used [0x00000000ec810000,0x00000000ec8ec010,0x00000000ecaa0000)
  to   space 2624K, 0% used [0x00000000ec580000,0x00000000ec580000,0x00000000ec810000)
 ParOldGen       total 42240K, used 88K [0x00000000c2200000, 0x00000000c4b40000, 0x00000000eb600000)
  object space 42240K, 0% used [0x00000000c2200000,0x00000000c2216010,0x00000000c4b40000)
 PSPermGen       total 21248K, used 7301K [0x00000000bd000000, 0x00000000be4c0000, 0x00000000c2200000)
  object space 21248K, 34% used [0x00000000bd000000,0x00000000bd721670,0x00000000be4c0000)
Event: 223.927 GC heap after
Heap after GC invocations=5 (full 0):
 PSYoungGen      total 16448K, used 928K [0x00000000eb600000, 0x00000000ec820000, 0x0000000100000000)
  eden space 15488K, 0% used [0x00000000eb600000,0x00000000eb600000,0x00000000ec520000)
  from space 960K, 96% used [0x00000000ec580000,0x00000000ec668020,0x00000000ec670000)
  to   space 1472K, 0% used [0x00000000ec6b0000,0x00000000ec6b0000,0x00000000ec820000)
 ParOldGen       total 42240K, used 96K [0x00000000c2200000, 0x00000000c4b40000, 0x00000000eb600000)
  object space 42240K, 0% used [0x00000000c2200000,0x00000000c2218010,0x00000000c4b40000)
 PSPermGen       total 21248K, used 7301K [0x00000000bd000000, 0x00000000be4c0000, 0x00000000c2200000)
  object space 21248K, 34% used [0x00000000bd000000,0x00000000bd721670,0x00000000be4c0000)
}
Event: 261.850 GC heap before
{Heap before GC invocations=6 (full 0):
 PSYoungGen      total 16448K, used 16416K [0x00000000eb600000, 0x00000000ec820000, 0x0000000100000000)
  eden space 15488K, 100% used [0x00000000eb600000,0x00000000ec520000,0x00000000ec520000)
  from space 960K, 96% used [0x00000000ec580000,0x00000000ec668020,0x00000000ec670000)
  to   space 1472K, 0% used [0x00000000ec6b0000,0x00000000ec6b0000,0x00000000ec820000)
 ParOldGen       total 42240K, used 96K [0x00000000c2200000, 0x00000000c4b40000, 0x00000000eb600000)
  object space 42240K, 0% used [0x00000000c2200000,0x00000000c2218010,0x00000000c4b40000)
 PSPermGen       total 21248K, used 7340K [0x00000000bd000000, 0x00000000be4c0000, 0x00000000c2200000)
  object space 21248K, 34% used [0x00000000bd000000,0x00000000bd72b0e8,0x00000000be4c0000)
Event: 261.857 GC heap after
Heap after GC invocations=6 (full 0):
 PSYoungGen      total 16192K, used 960K [0x00000000eb600000, 0x00000000ec7b0000, 0x0000000100000000)
  eden space 15168K, 0% used [0x00000000eb600000,0x00000000eb600000,0x00000000ec4d0000)
  from space 1024K, 93% used [0x00000000ec6b0000,0x00000000ec7a0040,0x00000000ec7b0000)
  to   space 1408K, 0% used [0x00000000ec4f0000,0x00000000ec4f0000,0x00000000ec650000)
 ParOldGen       total 42240K, used 104K [0x00000000c2200000, 0x00000000c4b40000, 0x00000000eb600000)
  object space 42240K, 0% used [0x00000000c2200000,0x00000000c221a010,0x00000000c4b40000)
 PSPermGen       total 21248K, used 7340K [0x00000000bd000000, 0x00000000be4c0000, 0x00000000c2200000)
  object space 21248K, 34% used [0x00000000bd000000,0x00000000bd72b0e8,0x00000000be4c0000)
}

