# JRE version: 7.0_06-b24
# Java VM: Java HotSpot(TM) 64-Bit Server VM (23.2-b09 mixed mode windows-amd64 compressed oops)
Heap
 PSYoungGen      total 16256K, used 14461K [0x00000000eb600000, 0x00000000ec7b0000, 0x0000000100000000)
  eden space 15168K, 89% used [0x00000000eb600000,0x00000000ec343778,0x00000000ec4d0000)
  from space 1088K, 80% used [0x00000000ec6a0000,0x00000000ec77c010,0x00000000ec7b0000)
  to   space 1472K, 0% used [0x00000000ec4d0000,0x00000000ec4d0000,0x00000000ec640000)
 ParOldGen       total 42240K, used 88K [0x00000000c2200000, 0x00000000c4b40000, 0x00000000eb600000)
  object space 42240K, 0% used [0x00000000c2200000,0x00000000c2216010,0x00000000c4b40000)
 PSPermGen       total 21248K, used 7344K [0x00000000bd000000, 0x00000000be4c0000, 0x00000000c2200000)
  object space 21248K, 34% used [0x00000000bd000000,0x00000000bd72c258,0x00000000be4c0000)
GC Heap History (10 events):
Event: 97.399 GC heap before
{Heap before GC invocations=2 (full 0):
 PSYoungGen      total 18496K, used 17368K [0x00000000eb600000, 0x00000000ecaa0000, 0x0000000100000000)
  eden space 15872K, 100% used [0x00000000eb600000,0x00000000ec580000,0x00000000ec580000)
  from space 2624K, 57% used [0x00000000ec580000,0x00000000ec6f6218,0x00000000ec810000)
  to   space 2624K, 0% used [0x00000000ec810000,0x00000000ec810000,0x00000000ecaa0000)
 ParOldGen       total 42240K, used 72K [0x00000000c2200000, 0x00000000c4b40000, 0x00000000eb600000)
  object space 42240K, 0% used [0x00000000c2200000,0x00000000c2212010,0x00000000c4b40000)
 PSPermGen       total 21248K, used 7109K [0x00000000bd000000, 0x00000000be4c0000, 0x00000000c2200000)
  object space 21248K, 33% used [0x00000000bd000000,0x00000000bd6f1668,0x00000000be4c0000)
Event: 97.402 GC heap after
Heap after GC invocations=2 (full 0):
 PSYoungGen      total 18496K, used 896K [0x00000000eb600000, 0x00000000ecaa0000, 0x0000000100000000)
  eden space 15872K, 0% used [0x00000000eb600000,0x00000000eb600000,0x00000000ec580000)
  from space 2624K, 34% used [0x00000000ec810000,0x00000000ec8f0020,0x00000000ecaa0000)
  to   space 2624K, 0% used [0x00000000ec580000,0x00000000ec580000,0x00000000ec810000)
 ParOldGen       total 42240K, used 80K [0x00000000c2200000, 0x00000000c4b40000, 0x00000000eb600000)
  object space 42240K, 0% used [0x00000000c2200000,0x00000000c2214010,0x00000000c4b40000)
 PSPermGen       total 21248K, used 7109K [0x00000000bd000000, 0x00000000be4c0000, 0x00000000c2200000)
  object space 21248K, 33% used [0x00000000bd000000,0x00000000bd6f1668,0x00000000be4c0000)
}
Event: 164.095 GC heap before
{Heap before GC invocations=3 (full 0):
 PSYoungGen      total 18496K, used 16768K [0x00000000eb600000, 0x00000000ecaa0000, 0x0000000100000000)
  eden space 15872K, 100% used [0x00000000eb600000,0x00000000ec580000,0x00000000ec580000)
  from space 2624K, 34% used [0x00000000ec810000,0x00000000ec8f0020,0x00000000ecaa0000)
  to   space 2624K, 0% used [0x00000000ec580000,0x00000000ec580000,0x00000000ec810000)
 ParOldGen       total 42240K, used 80K [0x00000000c2200000, 0x00000000c4b40000, 0x00000000eb600000)
  object space 42240K, 0% used [0x00000000c2200000,0x00000000c2214010,0x00000000c4b40000)
 PSPermGen       total 21248K, used 7167K [0x00000000bd000000, 0x00000000be4c0000, 0x00000000c2200000)
  object space 21248K, 33% used [0x00000000bd000000,0x00000000bd6fffd8,0x00000000be4c0000)
Event: 164.102 GC heap after
Heap after GC invocations=3 (full 0):
 PSYoungGen      total 18496K, used 864K [0x00000000eb600000, 0x00000000ecaa0000, 0x0000000100000000)
  eden space 15872K, 0% used [0x00000000eb600000,0x00000000eb600000,0x00000000ec580000)
  from space 2624K, 32% used [0x00000000ec580000,0x00000000ec658020,0x00000000ec810000)
  to   space 2624K, 0% used [0x00000000ec810000,0x00000000ec810000,0x00000000ecaa0000)
 ParOldGen       total 42240K, used 80K [0x00000000c2200000, 0x00000000c4b40000, 0x00000000eb600000)
  object space 42240K, 0% used [0x00000000c2200000,0x00000000c2214010,0x00000000c4b40000)
 PSPermGen       total 21248K, used 7167K [0x00000000bd000000, 0x00000000be4c0000, 0x00000000c2200000)
  object space 21248K, 33% used [0x00000000bd000000,0x00000000bd6fffd8,0x00000000be4c0000)
}
Event: 230.720 GC heap before
{Heap before GC invocations=4 (full 0):
 PSYoungGen      total 18496K, used 16736K [0x00000000eb600000, 0x00000000ecaa0000, 0x0000000100000000)
  eden space 15872K, 100% used [0x00000000eb600000,0x00000000ec580000,0x00000000ec580000)
  from space 2624K, 32% used [0x00000000ec580000,0x00000000ec658020,0x00000000ec810000)
  to   space 2624K, 0% used [0x00000000ec810000,0x00000000ec810000,0x00000000ecaa0000)
 ParOldGen       total 42240K, used 80K [0x00000000c2200000, 0x00000000c4b40000, 0x00000000eb600000)
  object space 42240K, 0% used [0x00000000c2200000,0x00000000c2214010,0x00000000c4b40000)
 PSPermGen       total 21248K, used 7237K [0x00000000bd000000, 0x00000000be4c0000, 0x00000000c2200000)
  object space 21248K, 34% used [0x00000000bd000000,0x00000000bd711500,0x00000000be4c0000)
Event: 230.724 GC heap after
Heap after GC invocations=4 (full 0):
 PSYoungGen      total 18496K, used 896K [0x00000000eb600000, 0x00000000ecaa0000, 0x0000000100000000)
  eden space 15872K, 0% used [0x00000000eb600000,0x00000000eb600000,0x00000000ec580000)
  from space 2624K, 34% used [0x00000000ec810000,0x00000000ec8f0040,0x00000000ecaa0000)
  to   space 2624K, 0% used [0x00000000ec580000,0x00000000ec580000,0x00000000ec810000)
 ParOldGen       total 42240K, used 80K [0x00000000c2200000, 0x00000000c4b40000, 0x00000000eb600000)
  object space 42240K, 0% used [0x00000000c2200000,0x00000000c2214010,0x00000000c4b40000)
 PSPermGen       total 21248K, used 7237K [0x00000000bd000000, 0x00000000be4c0000, 0x00000000c2200000)
  object space 21248K, 34% used [0x00000000bd000000,0x00000000bd711500,0x00000000be4c0000)
}
Event: 297.318 GC heap before
{Heap before GC invocations=5 (full 0):
 PSYoungGen      total 18496K, used 16768K [0x00000000eb600000, 0x00000000ecaa0000, 0x0000000100000000)
  eden space 15872K, 100% used [0x00000000eb600000,0x00000000ec580000,0x00000000ec580000)
  from space 2624K, 34% used [0x00000000ec810000,0x00000000ec8f0040,0x00000000ecaa0000)
  to   space 2624K, 0% used [0x00000000ec580000,0x00000000ec580000,0x00000000ec810000)
 ParOldGen       total 42240K, used 80K [0x00000000c2200000, 0x00000000c4b40000, 0x00000000eb600000)
  object space 42240K, 0% used [0x00000000c2200000,0x00000000c2214010,0x00000000c4b40000)
 PSPermGen       total 21248K, used 7299K [0x00000000bd000000, 0x00000000be4c0000, 0x00000000c2200000)
  object space 21248K, 34% used [0x00000000bd000000,0x00000000bd720eb0,0x00000000be4c0000)
Event: 297.324 GC heap after
Heap after GC invocations=5 (full 0):
 PSYoungGen      total 16448K, used 912K [0x00000000eb600000, 0x00000000ec820000, 0x0000000100000000)
  eden space 15488K, 0% used [0x00000000eb600000,0x00000000eb600000,0x00000000ec520000)
  from space 960K, 95% used [0x00000000ec580000,0x00000000ec664010,0x00000000ec670000)
  to   space 1536K, 0% used [0x00000000ec6a0000,0x00000000ec6a0000,0x00000000ec820000)
 ParOldGen       total 42240K, used 80K [0x00000000c2200000, 0x00000000c4b40000, 0x00000000eb600000)
  object space 42240K, 0% used [0x00000000c2200000,0x00000000c2214010,0x00000000c4b40000)
 PSPermGen       total 21248K, used 7299K [0x00000000bd000000, 0x00000000be4c0000, 0x00000000c2200000)
  object space 21248K, 34% used [0x00000000bd000000,0x00000000bd720eb0,0x00000000be4c0000)
}
Event: 853.458 GC heap before
{Heap before GC invocations=6 (full 0):
 PSYoungGen      total 16448K, used 16400K [0x00000000eb600000, 0x00000000ec820000, 0x0000000100000000)
  eden space 15488K, 100% used [0x00000000eb600000,0x00000000ec520000,0x00000000ec520000)
  from space 960K, 95% used [0x00000000ec580000,0x00000000ec664010,0x00000000ec670000)
  to   space 1536K, 0% used [0x00000000ec6a0000,0x00000000ec6a0000,0x00000000ec820000)
 ParOldGen       total 42240K, used 80K [0x00000000c2200000, 0x00000000c4b40000, 0x00000000eb600000)
  object space 42240K, 0% used [0x00000000c2200000,0x00000000c2214010,0x00000000c4b40000)
 PSPermGen       total 21248K, used 7315K [0x00000000bd000000, 0x00000000be4c0000, 0x00000000c2200000)
  object space 21248K, 34% used [0x00000000bd000000,0x00000000bd724cc8,0x00000000be4c0000)
Event: 853.465 GC heap after
Heap after GC invocations=6 (full 0):
 PSYoungGen      total 16256K, used 880K [0x00000000eb600000, 0x00000000ec7b0000, 0x0000000100000000)
  eden space 15168K, 0% used [0x00000000eb600000,0x00000000eb600000,0x00000000ec4d0000)
  from space 1088K, 80% used [0x00000000ec6a0000,0x00000000ec77c010,0x00000000ec7b0000)
  to   space 1472K, 0% used [0x00000000ec4d0000,0x00000000ec4d0000,0x00000000ec640000)
 ParOldGen       total 42240K, used 88K [0x00000000c2200000, 0x00000000c4b40000, 0x00000000eb600000)
  object space 42240K, 0% used [0x00000000c2200000,0x00000000c2216010,0x00000000c4b40000)
 PSPermGen       total 21248K, used 7315K [0x00000000bd000000, 0x00000000be4c0000, 0x00000000c2200000)
  object space 21248K, 34% used [0x00000000bd000000,0x00000000bd724cc8,0x00000000be4c0000)
}

